<?xml version="1.0" encoding="UTF-8"?>
<coverage generated="1674791098937" clover="3.2.0">
  <project timestamp="1674791098937" name="All files">
    <metrics statements="41" coveredstatements="31" conditionals="6" coveredconditionals="4" methods="11" coveredmethods="7" elements="58" coveredelements="42" complexity="0" loc="41" ncloc="41" packages="1" files="2" classes="2"/>
    <file name="storageLocal.js" path="C:\Users\Ing-Alex\Desktop\MyProjectTodoList\modules\storageLocal.js">
      <metrics statements="38" coveredstatements="28" conditionals="6" coveredconditionals="4" methods="10" coveredmethods="6"/>
      <line num="2" count="1" type="stmt"/>
      <line num="3" count="12" type="cond" truecount="2" falsecount="0"/>
      <line num="4" count="2" type="stmt"/>
      <line num="6" count="10" type="stmt"/>
      <line num="9" count="12" type="stmt"/>
      <line num="12" count="1" type="stmt"/>
      <line num="13" count="2" type="cond" truecount="1" falsecount="1"/>
      <line num="14" count="0" type="stmt"/>
      <line num="16" count="2" type="stmt"/>
      <line num="19" count="2" type="stmt"/>
      <line num="22" count="1" type="stmt"/>
      <line num="23" count="4" type="stmt"/>
      <line num="29" count="4" type="stmt"/>
      <line num="30" count="4" type="stmt"/>
      <line num="31" count="4" type="stmt"/>
      <line num="32" count="4" type="stmt"/>
      <line num="35" count="1" type="stmt"/>
      <line num="36" count="1" type="stmt"/>
      <line num="37" count="1" type="cond" truecount="1" falsecount="1"/>
      <line num="38" count="1" type="stmt"/>
      <line num="39" count="1" type="stmt"/>
      <line num="40" count="1" type="stmt"/>
      <line num="43" count="0" type="stmt"/>
      <line num="44" count="0" type="stmt"/>
      <line num="46" count="0" type="stmt"/>
      <line num="47" count="0" type="stmt"/>
      <line num="49" count="0" type="stmt"/>
      <line num="52" count="1" type="stmt"/>
      <line num="53" count="0" type="stmt"/>
      <line num="55" count="0" type="stmt"/>
      <line num="56" count="0" type="stmt"/>
      <line num="57" count="0" type="stmt"/>
      <line num="60" count="1" type="stmt"/>
      <line num="62" count="1" type="stmt"/>
      <line num="63" count="1" type="stmt"/>
      <line num="64" count="1" type="stmt"/>
      <line num="65" count="1" type="stmt"/>
      <line num="69" count="1" type="stmt"/>
    </file>
    <file name="todo.js" path="C:\Users\Ing-Alex\Desktop\MyProjectTodoList\modules\todo.js">
      <metrics statements="3" coveredstatements="3" conditionals="0" coveredconditionals="0" methods="1" coveredmethods="1"/>
      <line num="3" count="1" type="stmt"/>
      <line num="4" count="1" type="stmt"/>
      <line num="5" count="1" type="stmt"/>
    </file>
  </project>
</coverage>
