{"C:\\Users\\Ing-Alex\\Desktop\\MyProjectTodoList\\modules\\storageLocal.js": {"path":"C:\\Users\\Ing-Alex\\Desktop\\MyProjectTodoList\\modules\\storageLocal.js","statementMap":{"0":{"start":{"line":2,"column":24},"end":{"line":10,"column":5}},"1":{"start":{"line":3,"column":6},"end":{"line":7,"column":7}},"2":{"start":{"line":4,"column":8},"end":{"line":4,"column":24}},"3":{"start":{"line":6,"column":8},"end":{"line":6,"column":63}},"4":{"start":{"line":9,"column":6},"end":{"line":9,"column":24}},"5":{"start":{"line":12,"column":30},"end":{"line":20,"column":6}},"6":{"start":{"line":13,"column":7},"end":{"line":17,"column":8}},"7":{"start":{"line":14,"column":9},"end":{"line":14,"column":25}},"8":{"start":{"line":16,"column":9},"end":{"line":16,"column":64}},"9":{"start":{"line":19,"column":7},"end":{"line":19,"column":25}},"10":{"start":{"line":22,"column":15},"end":{"line":33,"column":6}},"11":{"start":{"line":23,"column":23},"end":{"line":27,"column":8}},"12":{"start":{"line":29,"column":21},"end":{"line":29,"column":45}},"13":{"start":{"line":30,"column":7},"end":{"line":30,"column":27}},"14":{"start":{"line":31,"column":7},"end":{"line":31,"column":60}},"15":{"start":{"line":32,"column":7},"end":{"line":32,"column":23}},"16":{"start":{"line":35,"column":17},"end":{"line":50,"column":5}},"17":{"start":{"line":36,"column":18},"end":{"line":36,"column":59}},"18":{"start":{"line":37,"column":6},"end":{"line":41,"column":7}},"19":{"start":{"line":38,"column":8},"end":{"line":38,"column":19}},"20":{"start":{"line":39,"column":8},"end":{"line":39,"column":61}},"21":{"start":{"line":40,"column":8},"end":{"line":40,"column":15}},"22":{"start":{"line":43,"column":6},"end":{"line":43,"column":73}},"23":{"start":{"line":43,"column":37},"end":{"line":43,"column":71}},"24":{"start":{"line":44,"column":6},"end":{"line":44,"column":59}},"25":{"start":{"line":46,"column":6},"end":{"line":48,"column":9}},"26":{"start":{"line":47,"column":8},"end":{"line":47,"column":27}},"27":{"start":{"line":49,"column":6},"end":{"line":49,"column":59}},"28":{"start":{"line":52,"column":26},"end":{"line":58,"column":5}},"29":{"start":{"line":53,"column":32},"end":{"line":53,"column":56}},"30":{"start":{"line":55,"column":21},"end":{"line":55,"column":110}},"31":{"start":{"line":55,"column":52},"end":{"line":55,"column":109}},"32":{"start":{"line":56,"column":8},"end":{"line":56,"column":38}},"33":{"start":{"line":57,"column":8},"end":{"line":57,"column":71}},"34":{"start":{"line":60,"column":15},"end":{"line":66,"column":5}},"35":{"start":{"line":62,"column":32},"end":{"line":62,"column":56}},"36":{"start":{"line":63,"column":21},"end":{"line":63,"column":69}},"37":{"start":{"line":63,"column":52},"end":{"line":63,"column":68}},"38":{"start":{"line":64,"column":8},"end":{"line":64,"column":45}},"39":{"start":{"line":65,"column":8},"end":{"line":65,"column":71}},"40":{"start":{"line":69,"column":21},"end":{"line":69,"column":39}}},"fnMap":{"0":{"name":"(anonymous_0)","decl":{"start":{"line":2,"column":24},"end":{"line":2,"column":25}},"loc":{"start":{"line":2,"column":30},"end":{"line":10,"column":5}},"line":2},"1":{"name":"(anonymous_1)","decl":{"start":{"line":12,"column":30},"end":{"line":12,"column":31}},"loc":{"start":{"line":12,"column":36},"end":{"line":20,"column":6}},"line":12},"2":{"name":"(anonymous_2)","decl":{"start":{"line":22,"column":15},"end":{"line":22,"column":16}},"loc":{"start":{"line":22,"column":25},"end":{"line":33,"column":6}},"line":22},"3":{"name":"(anonymous_3)","decl":{"start":{"line":35,"column":17},"end":{"line":35,"column":18}},"loc":{"start":{"line":35,"column":28},"end":{"line":50,"column":5}},"line":35},"4":{"name":"(anonymous_4)","decl":{"start":{"line":43,"column":27},"end":{"line":43,"column":28}},"loc":{"start":{"line":43,"column":37},"end":{"line":43,"column":71}},"line":43},"5":{"name":"(anonymous_5)","decl":{"start":{"line":46,"column":20},"end":{"line":46,"column":21}},"loc":{"start":{"line":46,"column":33},"end":{"line":48,"column":7}},"line":46},"6":{"name":"(anonymous_6)","decl":{"start":{"line":52,"column":26},"end":{"line":52,"column":27}},"loc":{"start":{"line":52,"column":36},"end":{"line":58,"column":5}},"line":52},"7":{"name":"(anonymous_7)","decl":{"start":{"line":55,"column":42},"end":{"line":55,"column":43}},"loc":{"start":{"line":55,"column":52},"end":{"line":55,"column":109}},"line":55},"8":{"name":"(anonymous_8)","decl":{"start":{"line":60,"column":15},"end":{"line":60,"column":16}},"loc":{"start":{"line":60,"column":38},"end":{"line":66,"column":5}},"line":60},"9":{"name":"(anonymous_9)","decl":{"start":{"line":63,"column":42},"end":{"line":63,"column":43}},"loc":{"start":{"line":63,"column":52},"end":{"line":63,"column":68}},"line":63}},"branchMap":{"0":{"loc":{"start":{"line":3,"column":6},"end":{"line":7,"column":7}},"type":"if","locations":[{"start":{"line":3,"column":6},"end":{"line":7,"column":7}},{"start":{"line":5,"column":13},"end":{"line":7,"column":7}}],"line":3},"1":{"loc":{"start":{"line":13,"column":7},"end":{"line":17,"column":8}},"type":"if","locations":[{"start":{"line":13,"column":7},"end":{"line":17,"column":8}},{"start":{"line":15,"column":14},"end":{"line":17,"column":8}}],"line":13},"2":{"loc":{"start":{"line":37,"column":6},"end":{"line":41,"column":7}},"type":"if","locations":[{"start":{"line":37,"column":6},"end":{"line":41,"column":7}},{"start":{},"end":{}}],"line":37}},"s":{"0":1,"1":12,"2":2,"3":10,"4":12,"5":1,"6":2,"7":0,"8":2,"9":2,"10":1,"11":4,"12":4,"13":4,"14":4,"15":4,"16":1,"17":1,"18":1,"19":1,"20":1,"21":1,"22":0,"23":0,"24":0,"25":0,"26":0,"27":0,"28":1,"29":0,"30":0,"31":0,"32":0,"33":0,"34":1,"35":1,"36":1,"37":1,"38":1,"39":1,"40":1},"f":{"0":12,"1":2,"2":4,"3":1,"4":0,"5":0,"6":0,"7":0,"8":1,"9":1},"b":{"0":[2,10],"1":[0,2],"2":[1,0]},"_coverageSchema":"1a1c01bbd47fc00a2c39e90264f33305004495a9","hash":"d3b5e9ed564773d459e22550494025562ca04208"}
,"C:\\Users\\Ing-Alex\\Desktop\\MyProjectTodoList\\modules\\todo.js": {"path":"C:\\Users\\Ing-Alex\\Desktop\\MyProjectTodoList\\modules\\todo.js","statementMap":{"0":{"start":{"line":3,"column":4},"end":{"line":3,"column":35}},"1":{"start":{"line":4,"column":4},"end":{"line":4,"column":31}},"2":{"start":{"line":5,"column":4},"end":{"line":5,"column":23}}},"fnMap":{"0":{"name":"(anonymous_0)","decl":{"start":{"line":2,"column":2},"end":{"line":2,"column":3}},"loc":{"start":{"line":2,"column":45},"end":{"line":6,"column":3}},"line":2}},"branchMap":{},"s":{"0":1,"1":1,"2":1},"f":{"0":1},"b":{},"_coverageSchema":"1a1c01bbd47fc00a2c39e90264f33305004495a9","hash":"80ca6ad4c47e565fb7a9c034c0b5141166c514b0"}
}
