{"D:\\to-do-list-structure\\modules\\storageLocal.js": {"path":"D:\\to-do-list-structure\\modules\\storageLocal.js","statementMap":{"0":{"start":{"line":2,"column":24},"end":{"line":10,"column":5}},"1":{"start":{"line":3,"column":6},"end":{"line":7,"column":7}},"2":{"start":{"line":4,"column":8},"end":{"line":4,"column":24}},"3":{"start":{"line":6,"column":8},"end":{"line":6,"column":63}},"4":{"start":{"line":9,"column":6},"end":{"line":9,"column":24}},"5":{"start":{"line":12,"column":30},"end":{"line":20,"column":6}},"6":{"start":{"line":13,"column":7},"end":{"line":17,"column":8}},"7":{"start":{"line":14,"column":9},"end":{"line":14,"column":25}},"8":{"start":{"line":16,"column":9},"end":{"line":16,"column":64}},"9":{"start":{"line":19,"column":7},"end":{"line":19,"column":25}},"10":{"start":{"line":22,"column":15},"end":{"line":33,"column":6}},"11":{"start":{"line":23,"column":23},"end":{"line":27,"column":8}},"12":{"start":{"line":29,"column":21},"end":{"line":29,"column":45}},"13":{"start":{"line":30,"column":7},"end":{"line":30,"column":27}},"14":{"start":{"line":31,"column":7},"end":{"line":31,"column":60}},"15":{"start":{"line":32,"column":7},"end":{"line":32,"column":23}},"16":{"start":{"line":35,"column":17},"end":{"line":50,"column":5}},"17":{"start":{"line":36,"column":18},"end":{"line":36,"column":59}},"18":{"start":{"line":37,"column":6},"end":{"line":41,"column":7}},"19":{"start":{"line":38,"column":8},"end":{"line":38,"column":19}},"20":{"start":{"line":39,"column":8},"end":{"line":39,"column":61}},"21":{"start":{"line":40,"column":8},"end":{"line":40,"column":15}},"22":{"start":{"line":43,"column":6},"end":{"line":43,"column":73}},"23":{"start":{"line":43,"column":37},"end":{"line":43,"column":71}},"24":{"start":{"line":44,"column":6},"end":{"line":44,"column":59}},"25":{"start":{"line":46,"column":6},"end":{"line":48,"column":9}},"26":{"start":{"line":47,"column":8},"end":{"line":47,"column":27}},"27":{"start":{"line":49,"column":6},"end":{"line":49,"column":59}},"28":{"start":{"line":52,"column":26},"end":{"line":57,"column":5}},"29":{"start":{"line":53,"column":30},"end":{"line":53,"column":54}},"30":{"start":{"line":54,"column":19},"end":{"line":54,"column":108}},"31":{"start":{"line":54,"column":50},"end":{"line":54,"column":107}},"32":{"start":{"line":55,"column":6},"end":{"line":55,"column":36}},"33":{"start":{"line":56,"column":6},"end":{"line":56,"column":69}},"34":{"start":{"line":59,"column":15},"end":{"line":64,"column":5}},"35":{"start":{"line":60,"column":30},"end":{"line":60,"column":54}},"36":{"start":{"line":61,"column":19},"end":{"line":61,"column":67}},"37":{"start":{"line":61,"column":50},"end":{"line":61,"column":66}},"38":{"start":{"line":62,"column":6},"end":{"line":62,"column":43}},"39":{"start":{"line":63,"column":6},"end":{"line":63,"column":69}},"40":{"start":{"line":66,"column":36},"end":{"line":71,"column":5}},"41":{"start":{"line":67,"column":29},"end":{"line":67,"column":53}},"42":{"start":{"line":68,"column":6},"end":{"line":68,"column":85}},"43":{"start":{"line":68,"column":59},"end":{"line":68,"column":83}},"44":{"start":{"line":70,"column":6},"end":{"line":70,"column":70}},"45":{"start":{"line":74,"column":21},"end":{"line":74,"column":39}}},"fnMap":{"0":{"name":"(anonymous_0)","decl":{"start":{"line":2,"column":24},"end":{"line":2,"column":25}},"loc":{"start":{"line":2,"column":30},"end":{"line":10,"column":5}},"line":2},"1":{"name":"(anonymous_1)","decl":{"start":{"line":12,"column":30},"end":{"line":12,"column":31}},"loc":{"start":{"line":12,"column":36},"end":{"line":20,"column":6}},"line":12},"2":{"name":"(anonymous_2)","decl":{"start":{"line":22,"column":15},"end":{"line":22,"column":16}},"loc":{"start":{"line":22,"column":25},"end":{"line":33,"column":6}},"line":22},"3":{"name":"(anonymous_3)","decl":{"start":{"line":35,"column":17},"end":{"line":35,"column":18}},"loc":{"start":{"line":35,"column":28},"end":{"line":50,"column":5}},"line":35},"4":{"name":"(anonymous_4)","decl":{"start":{"line":43,"column":27},"end":{"line":43,"column":28}},"loc":{"start":{"line":43,"column":37},"end":{"line":43,"column":71}},"line":43},"5":{"name":"(anonymous_5)","decl":{"start":{"line":46,"column":20},"end":{"line":46,"column":21}},"loc":{"start":{"line":46,"column":33},"end":{"line":48,"column":7}},"line":46},"6":{"name":"(anonymous_6)","decl":{"start":{"line":52,"column":26},"end":{"line":52,"column":27}},"loc":{"start":{"line":52,"column":36},"end":{"line":57,"column":5}},"line":52},"7":{"name":"(anonymous_7)","decl":{"start":{"line":54,"column":40},"end":{"line":54,"column":41}},"loc":{"start":{"line":54,"column":50},"end":{"line":54,"column":107}},"line":54},"8":{"name":"(anonymous_8)","decl":{"start":{"line":59,"column":15},"end":{"line":59,"column":16}},"loc":{"start":{"line":59,"column":38},"end":{"line":64,"column":5}},"line":59},"9":{"name":"(anonymous_9)","decl":{"start":{"line":61,"column":40},"end":{"line":61,"column":41}},"loc":{"start":{"line":61,"column":50},"end":{"line":61,"column":66}},"line":61},"10":{"name":"(anonymous_10)","decl":{"start":{"line":66,"column":36},"end":{"line":66,"column":37}},"loc":{"start":{"line":66,"column":42},"end":{"line":71,"column":5}},"line":66},"11":{"name":"(anonymous_11)","decl":{"start":{"line":68,"column":49},"end":{"line":68,"column":50}},"loc":{"start":{"line":68,"column":59},"end":{"line":68,"column":83}},"line":68}},"branchMap":{"0":{"loc":{"start":{"line":3,"column":6},"end":{"line":7,"column":7}},"type":"if","locations":[{"start":{"line":3,"column":6},"end":{"line":7,"column":7}},{"start":{"line":5,"column":13},"end":{"line":7,"column":7}}],"line":3},"1":{"loc":{"start":{"line":13,"column":7},"end":{"line":17,"column":8}},"type":"if","locations":[{"start":{"line":13,"column":7},"end":{"line":17,"column":8}},{"start":{"line":15,"column":14},"end":{"line":17,"column":8}}],"line":13},"2":{"loc":{"start":{"line":37,"column":6},"end":{"line":41,"column":7}},"type":"if","locations":[{"start":{"line":37,"column":6},"end":{"line":41,"column":7}},{"start":{},"end":{}}],"line":37}},"s":{"0":1,"1":16,"2":2,"3":14,"4":16,"5":1,"6":2,"7":0,"8":2,"9":2,"10":1,"11":5,"12":5,"13":5,"14":5,"15":5,"16":1,"17":2,"18":2,"19":2,"20":2,"21":2,"22":0,"23":0,"24":0,"25":0,"26":0,"27":0,"28":1,"29":0,"30":0,"31":0,"32":0,"33":0,"34":1,"35":1,"36":1,"37":1,"38":1,"39":1,"40":1,"41":1,"42":1,"43":3,"44":1,"45":1},"f":{"0":16,"1":2,"2":5,"3":2,"4":0,"5":0,"6":0,"7":0,"8":1,"9":1,"10":1,"11":3},"b":{"0":[2,14],"1":[0,2],"2":[2,0]},"_coverageSchema":"1a1c01bbd47fc00a2c39e90264f33305004495a9","hash":"e97fe9293160104392aa48146ba5cdd862a374eb"}
,"D:\\to-do-list-structure\\modules\\todo.js": {"path":"D:\\to-do-list-structure\\modules\\todo.js","statementMap":{"0":{"start":{"line":3,"column":4},"end":{"line":3,"column":35}},"1":{"start":{"line":4,"column":4},"end":{"line":4,"column":31}},"2":{"start":{"line":5,"column":4},"end":{"line":5,"column":23}}},"fnMap":{"0":{"name":"(anonymous_0)","decl":{"start":{"line":2,"column":2},"end":{"line":2,"column":3}},"loc":{"start":{"line":2,"column":45},"end":{"line":6,"column":3}},"line":2}},"branchMap":{},"s":{"0":7,"1":7,"2":7},"f":{"0":7},"b":{},"_coverageSchema":"1a1c01bbd47fc00a2c39e90264f33305004495a9","hash":"38439922454aca177bdcfca2ef07d824bdc45ac4"}
}
