TN:
SF:modules\storageLocal.js
FN:2,(anonymous_0)
FN:12,(anonymous_1)
FN:22,(anonymous_2)
FN:35,(anonymous_3)
FN:43,(anonymous_4)
FN:46,(anonymous_5)
FN:52,(anonymous_6)
FN:54,(anonymous_7)
FN:59,(anonymous_8)
FN:61,(anonymous_9)
FN:66,(anonymous_10)
FN:68,(anonymous_11)
FNF:12
FNH:8
FNDA:20,(anonymous_0)
FNDA:2,(anonymous_1)
FNDA:5,(anonymous_2)
FNDA:2,(anonymous_3)
FNDA:0,(anonymous_4)
FNDA:0,(anonymous_5)
FNDA:0,(anonymous_6)
FNDA:0,(anonymous_7)
FNDA:1,(anonymous_8)
FNDA:1,(anonymous_9)
FNDA:1,(anonymous_10)
FNDA:3,(anonymous_11)
DA:2,1
DA:3,20
DA:4,2
DA:6,18
DA:9,20
DA:12,1
DA:13,2
DA:14,0
DA:16,2
DA:19,2
DA:22,1
DA:23,5
DA:29,5
DA:30,5
DA:31,5
DA:32,5
DA:35,1
DA:36,2
DA:37,2
DA:38,2
DA:39,2
DA:40,2
DA:43,0
DA:44,0
DA:46,0
DA:47,0
DA:49,0
DA:52,1
DA:53,0
DA:54,0
DA:55,0
DA:56,0
DA:59,1
DA:60,1
DA:61,1
DA:62,1
DA:63,1
DA:66,1
DA:67,1
DA:68,3
DA:70,1
DA:74,1
LF:42
LH:32
BRDA:3,0,0,2
BRDA:3,0,1,18
BRDA:13,1,0,0
BRDA:13,1,1,2
BRDA:37,2,0,2
BRDA:37,2,1,0
BRF:6
BRH:4
end_of_record
TN:
SF:modules\todo.js
FN:2,(anonymous_0)
FNF:1
FNH:1
FNDA:7,(anonymous_0)
DA:3,7
DA:4,7
DA:5,7
LF:3
LH:3
BRF:0
BRH:0
end_of_record
